{"src/ExtDate.ts":{"path":"src/ExtDate.ts","statementMap":{"1":{"start":{"line":1,"column":0},"end":{"line":1,"column":30}},"2":{"start":{"line":2,"column":0},"end":{"line":2,"column":34}},"3":{"start":{"line":11,"column":2},"end":{"line":11,"column":24}},"4":{"start":{"line":12,"column":2},"end":{"line":12,"column":25}},"5":{"start":{"line":13,"column":2},"end":{"line":13,"column":23}},"6":{"start":{"line":14,"column":2},"end":{"line":14,"column":24}},"7":{"start":{"line":15,"column":2},"end":{"line":15,"column":26}},"8":{"start":{"line":16,"column":2},"end":{"line":16,"column":26}},"9":{"start":{"line":17,"column":2},"end":{"line":17,"column":31}},"10":{"start":{"line":20,"column":4},"end":{"line":37,"column":5}},"11":{"start":{"line":22,"column":6},"end":{"line":22,"column":34}},"12":{"start":{"line":24,"column":11},"end":{"line":37,"column":5}},"13":{"start":{"line":26,"column":6},"end":{"line":26,"column":36}},"14":{"start":{"line":28,"column":11},"end":{"line":37,"column":5}},"15":{"start":{"line":30,"column":6},"end":{"line":30,"column":29}},"16":{"start":{"line":34,"column":6},"end":{"line":34,"column":70}},"17":{"start":{"line":35,"column":6},"end":{"line":35,"column":36}},"18":{"start":{"line":45,"column":4},"end":{"line":45,"column":31}},"19":{"start":{"line":49,"column":4},"end":{"line":49,"column":39}},"20":{"start":{"line":53,"column":4},"end":{"line":53,"column":34}},"21":{"start":{"line":57,"column":4},"end":{"line":57,"column":34}},"22":{"start":{"line":61,"column":4},"end":{"line":61,"column":32}},"23":{"start":{"line":65,"column":4},"end":{"line":65,"column":31}},"24":{"start":{"line":71,"column":4},"end":{"line":71,"column":36}},"25":{"start":{"line":75,"column":4},"end":{"line":75,"column":35}},"26":{"start":{"line":79,"column":4},"end":{"line":79,"column":56}},"27":{"start":{"line":83,"column":4},"end":{"line":83,"column":63}},"28":{"start":{"line":87,"column":4},"end":{"line":95,"column":6}},"29":{"start":{"line":103,"column":4},"end":{"line":103,"column":37}},"30":{"start":{"line":104,"column":4},"end":{"line":104,"column":40}},"31":{"start":{"line":106,"column":4},"end":{"line":106,"column":43}},"32":{"start":{"line":107,"column":4},"end":{"line":107,"column":16}},"33":{"start":{"line":111,"column":4},"end":{"line":111,"column":37}},"34":{"start":{"line":112,"column":4},"end":{"line":112,"column":58}},"35":{"start":{"line":114,"column":4},"end":{"line":114,"column":43}},"36":{"start":{"line":115,"column":4},"end":{"line":115,"column":16}},"37":{"start":{"line":119,"column":4},"end":{"line":119,"column":37}},"38":{"start":{"line":120,"column":4},"end":{"line":120,"column":42}},"39":{"start":{"line":122,"column":4},"end":{"line":122,"column":43}},"40":{"start":{"line":123,"column":4},"end":{"line":123,"column":16}},"41":{"start":{"line":127,"column":4},"end":{"line":127,"column":37}},"42":{"start":{"line":128,"column":4},"end":{"line":128,"column":41}},"43":{"start":{"line":130,"column":4},"end":{"line":130,"column":43}},"44":{"start":{"line":131,"column":4},"end":{"line":131,"column":16}},"45":{"start":{"line":135,"column":4},"end":{"line":135,"column":37}},"46":{"start":{"line":136,"column":4},"end":{"line":136,"column":40}},"47":{"start":{"line":138,"column":4},"end":{"line":138,"column":43}},"48":{"start":{"line":139,"column":4},"end":{"line":139,"column":16}},"49":{"start":{"line":143,"column":4},"end":{"line":143,"column":37}},"50":{"start":{"line":144,"column":4},"end":{"line":144,"column":58}},"51":{"start":{"line":146,"column":4},"end":{"line":146,"column":43}},"52":{"start":{"line":147,"column":4},"end":{"line":147,"column":16}},"53":{"start":{"line":151,"column":4},"end":{"line":151,"column":37}},"54":{"start":{"line":152,"column":4},"end":{"line":152,"column":42}},"55":{"start":{"line":154,"column":4},"end":{"line":154,"column":43}},"56":{"start":{"line":155,"column":4},"end":{"line":155,"column":16}},"57":{"start":{"line":159,"column":4},"end":{"line":159,"column":37}},"58":{"start":{"line":160,"column":4},"end":{"line":160,"column":41}},"59":{"start":{"line":162,"column":4},"end":{"line":162,"column":43}},"60":{"start":{"line":163,"column":4},"end":{"line":163,"column":16}},"61":{"start":{"line":167,"column":4},"end":{"line":171,"column":6}},"62":{"start":{"line":175,"column":4},"end":{"line":175,"column":37}},"63":{"start":{"line":176,"column":4},"end":{"line":180,"column":6}},"64":{"start":{"line":184,"column":4},"end":{"line":184,"column":24}},"65":{"start":{"line":185,"column":4},"end":{"line":189,"column":6}},"66":{"start":{"line":193,"column":4},"end":{"line":193,"column":29}},"67":{"start":{"line":194,"column":4},"end":{"line":194,"column":28}},"68":{"start":{"line":195,"column":4},"end":{"line":199,"column":6}},"69":{"start":{"line":203,"column":4},"end":{"line":211,"column":6}},"70":{"start":{"line":215,"column":4},"end":{"line":215,"column":37}},"71":{"start":{"line":216,"column":4},"end":{"line":216,"column":54}},"72":{"start":{"line":218,"column":4},"end":{"line":226,"column":6}},"73":{"start":{"line":230,"column":4},"end":{"line":230,"column":24}},"74":{"start":{"line":231,"column":4},"end":{"line":235,"column":6}},"75":{"start":{"line":236,"column":4},"end":{"line":236,"column":60}},"76":{"start":{"line":240,"column":4},"end":{"line":240,"column":29}},"77":{"start":{"line":241,"column":4},"end":{"line":241,"column":28}},"78":{"start":{"line":242,"column":4},"end":{"line":246,"column":6}},"79":{"start":{"line":247,"column":4},"end":{"line":247,"column":59}},"80":{"start":{"line":255,"column":4},"end":{"line":255,"column":41}},"81":{"start":{"line":256,"column":4},"end":{"line":256,"column":56}},"82":{"start":{"line":257,"column":4},"end":{"line":257,"column":62}},"83":{"start":{"line":258,"column":4},"end":{"line":258,"column":65}},"84":{"start":{"line":262,"column":4},"end":{"line":262,"column":22}},"85":{"start":{"line":263,"column":4},"end":{"line":266,"column":5}},"86":{"start":{"line":264,"column":6},"end":{"line":264,"column":42}},"87":{"start":{"line":265,"column":6},"end":{"line":265,"column":58}},"88":{"start":{"line":267,"column":4},"end":{"line":267,"column":67}},"89":{"start":{"line":268,"column":4},"end":{"line":268,"column":29}},"90":{"start":{"line":272,"column":4},"end":{"line":294,"column":5}},"91":{"start":{"line":274,"column":8},"end":{"line":274,"column":36}},"92":{"start":{"line":276,"column":8},"end":{"line":276,"column":43}},"93":{"start":{"line":278,"column":8},"end":{"line":278,"column":31}},"94":{"start":{"line":280,"column":8},"end":{"line":280,"column":32}},"95":{"start":{"line":282,"column":8},"end":{"line":282,"column":38}},"96":{"start":{"line":284,"column":8},"end":{"line":284,"column":33}},"97":{"start":{"line":286,"column":8},"end":{"line":286,"column":34}},"98":{"start":{"line":288,"column":8},"end":{"line":288,"column":34}},"99":{"start":{"line":290,"column":8},"end":{"line":290,"column":32}},"100":{"start":{"line":292,"column":8},"end":{"line":292,"column":102}},"101":{"start":{"line":293,"column":8},"end":{"line":293,"column":32}},"102":{"start":{"line":8,"column":0},"end":{"line":297,"column":1}}},"fnMap":{"1":{"name":"(anonymous_1)","line":19,"loc":{"start":{"line":19,"column":2},"end":{"line":19,"column":38}}},"2":{"name":"(anonymous_2)","line":44,"loc":{"start":{"line":44,"column":10},"end":{"line":null,"column":-1}}},"3":{"name":"(anonymous_3)","line":48,"loc":{"start":{"line":48,"column":12},"end":{"line":null,"column":-1}}},"4":{"name":"(anonymous_4)","line":52,"loc":{"start":{"line":52,"column":8},"end":{"line":null,"column":-1}}},"5":{"name":"(anonymous_5)","line":56,"loc":{"start":{"line":56,"column":8},"end":{"line":null,"column":-1}}},"6":{"name":"(anonymous_6)","line":60,"loc":{"start":{"line":60,"column":6},"end":{"line":null,"column":-1}}},"7":{"name":"(anonymous_7)","line":64,"loc":{"start":{"line":64,"column":5},"end":{"line":null,"column":-1}}},"8":{"name":"(anonymous_8)","line":68,"loc":{"start":{"line":68,"column":7},"end":{"line":null,"column":-1}}},"9":{"name":"(anonymous_9)","line":74,"loc":{"start":{"line":74,"column":6},"end":{"line":null,"column":-1}}},"10":{"name":"(anonymous_10)","line":78,"loc":{"start":{"line":78,"column":11},"end":{"line":78,"column":33}}},"11":{"name":"(anonymous_11)","line":82,"loc":{"start":{"line":82,"column":18},"end":{"line":82,"column":34}}},"12":{"name":"(anonymous_12)","line":86,"loc":{"start":{"line":86,"column":9},"end":{"line":null,"column":-1}}},"13":{"name":"(anonymous_13)","line":102,"loc":{"start":{"line":102,"column":9},"end":{"line":102,"column":26}}},"14":{"name":"(anonymous_14)","line":110,"loc":{"start":{"line":110,"column":10},"end":{"line":110,"column":27}}},"15":{"name":"(anonymous_15)","line":118,"loc":{"start":{"line":118,"column":11},"end":{"line":118,"column":28}}},"16":{"name":"(anonymous_16)","line":126,"loc":{"start":{"line":126,"column":10},"end":{"line":126,"column":27}}},"17":{"name":"(anonymous_17)","line":134,"loc":{"start":{"line":134,"column":9},"end":{"line":134,"column":26}}},"18":{"name":"(anonymous_18)","line":142,"loc":{"start":{"line":142,"column":10},"end":{"line":142,"column":27}}},"19":{"name":"(anonymous_19)","line":150,"loc":{"start":{"line":150,"column":11},"end":{"line":150,"column":28}}},"20":{"name":"(anonymous_20)","line":158,"loc":{"start":{"line":158,"column":10},"end":{"line":158,"column":27}}},"21":{"name":"(anonymous_21)","line":166,"loc":{"start":{"line":166,"column":16},"end":{"line":null,"column":-1}}},"22":{"name":"(anonymous_22)","line":174,"loc":{"start":{"line":174,"column":17},"end":{"line":null,"column":-1}}},"23":{"name":"(anonymous_23)","line":183,"loc":{"start":{"line":183,"column":18},"end":{"line":null,"column":-1}}},"24":{"name":"(anonymous_24)","line":192,"loc":{"start":{"line":192,"column":17},"end":{"line":null,"column":-1}}},"25":{"name":"(anonymous_25)","line":202,"loc":{"start":{"line":202,"column":10},"end":{"line":null,"column":-1}}},"26":{"name":"(anonymous_26)","line":214,"loc":{"start":{"line":214,"column":11},"end":{"line":null,"column":-1}}},"27":{"name":"(anonymous_27)","line":229,"loc":{"start":{"line":229,"column":12},"end":{"line":null,"column":-1}}},"28":{"name":"(anonymous_28)","line":239,"loc":{"start":{"line":239,"column":11},"end":{"line":null,"column":-1}}},"29":{"name":"(anonymous_29)","line":254,"loc":{"start":{"line":254,"column":10},"end":{"line":254,"column":52}}},"30":{"name":"(anonymous_30)","line":261,"loc":{"start":{"line":261,"column":20},"end":{"line":261,"column":85}}},"31":{"name":"(anonymous_31)","line":271,"loc":{"start":{"line":271,"column":19},"end":{"line":271,"column":48}}}},"branchMap":{"1":{"line":20,"type":"if","locations":[{"start":{"line":20,"column":4},"end":{"line":20,"column":3}},{"start":{"line":20,"column":4},"end":{"line":20,"column":3}}]},"2":{"line":20,"type":"binary-expr","locations":[{"start":{"line":20,"column":8},"end":{"line":20,"column":25}},{"start":{"line":20,"column":29},"end":{"line":20,"column":52}}]},"3":{"line":24,"type":"if","locations":[{"start":{"line":24,"column":11},"end":{"line":24,"column":10}},{"start":{"line":24,"column":11},"end":{"line":24,"column":10}}]},"4":{"line":28,"type":"if","locations":[{"start":{"line":28,"column":11},"end":{"line":28,"column":10}},{"start":{"line":28,"column":11},"end":{"line":28,"column":10}}]},"5":{"line":273,"type":"switch","locations":[{"start":{"line":273,"column":6},"end":{"line":274,"column":36}},{"start":{"line":275,"column":6},"end":{"line":276,"column":43}},{"start":{"line":277,"column":6},"end":{"line":278,"column":31}},{"start":{"line":279,"column":6},"end":{"line":280,"column":32}},{"start":{"line":281,"column":6},"end":{"line":282,"column":38}},{"start":{"line":283,"column":6},"end":{"line":284,"column":33}},{"start":{"line":285,"column":6},"end":{"line":286,"column":34}},{"start":{"line":287,"column":6},"end":{"line":288,"column":34}},{"start":{"line":289,"column":6},"end":{"line":290,"column":32}},{"start":{"line":291,"column":6},"end":{"line":293,"column":32}}]}},"s":{"1":1,"2":1,"3":149,"4":149,"5":149,"6":149,"7":149,"8":149,"9":149,"10":149,"11":1,"12":148,"13":6,"14":142,"15":2,"16":140,"17":140,"18":7,"19":62,"20":62,"21":62,"22":62,"23":108,"24":114,"25":120,"26":16,"27":16,"28":38,"29":5,"30":5,"31":5,"32":5,"33":5,"34":5,"35":5,"36":5,"37":5,"38":5,"39":5,"40":5,"41":3,"42":3,"43":3,"44":3,"45":5,"46":5,"47":5,"48":5,"49":5,"50":5,"51":5,"52":5,"53":5,"54":5,"55":5,"56":5,"57":3,"58":3,"59":3,"60":3,"61":1,"62":3,"63":3,"64":3,"65":3,"66":3,"67":3,"68":3,"69":1,"70":3,"71":3,"72":3,"73":3,"74":3,"75":3,"76":3,"77":3,"78":3,"79":3,"80":2,"81":2,"82":2,"83":2,"84":2,"85":2,"86":18,"87":18,"88":2,"89":2,"90":18,"91":2,"92":2,"93":2,"94":2,"95":2,"96":2,"97":2,"98":2,"99":2,"100":0,"101":0,"102":1},"b":{"1":[1,148],"2":[149,7],"3":[6,142],"4":[2,140],"5":[2,2,2,2,2,2,2,2,2,0]},"f":{"1":149,"2":7,"3":62,"4":62,"5":62,"6":62,"7":108,"8":114,"9":120,"10":16,"11":16,"12":38,"13":5,"14":5,"15":5,"16":3,"17":5,"18":5,"19":5,"20":3,"21":1,"22":3,"23":3,"24":3,"25":1,"26":3,"27":3,"28":3,"29":2,"30":2,"31":18},"l":{"1":1,"2":1,"8":1,"11":149,"12":149,"13":149,"14":149,"15":149,"16":149,"17":149,"20":149,"22":1,"24":148,"26":6,"28":142,"30":2,"34":140,"35":140,"45":7,"49":62,"53":62,"57":62,"61":62,"65":108,"71":114,"75":120,"79":16,"83":16,"87":38,"103":5,"104":5,"106":5,"107":5,"111":5,"112":5,"114":5,"115":5,"119":5,"120":5,"122":5,"123":5,"127":3,"128":3,"130":3,"131":3,"135":5,"136":5,"138":5,"139":5,"143":5,"144":5,"146":5,"147":5,"151":5,"152":5,"154":5,"155":5,"159":3,"160":3,"162":3,"163":3,"167":1,"175":3,"176":3,"184":3,"185":3,"193":3,"194":3,"195":3,"203":1,"215":3,"216":3,"218":3,"230":3,"231":3,"236":3,"240":3,"241":3,"242":3,"247":3,"255":2,"256":2,"257":2,"258":2,"262":2,"263":2,"264":18,"265":18,"267":2,"268":2,"272":18,"274":2,"276":2,"278":2,"280":2,"282":2,"284":2,"286":2,"288":2,"290":2,"292":0,"293":0}},"src/i18n.ts":{"path":"src/i18n.ts","statementMap":{"1":{"start":{"line":1,"column":13},"end":{"line":12,"column":1}}},"fnMap":{},"branchMap":{},"s":{"1":1},"b":{},"f":{},"l":{"1":1}},"src/values.ts":{"path":"src/values.ts","statementMap":{"1":{"start":{"line":1,"column":13},"end":{"line":10,"column":2}}},"fnMap":{},"branchMap":{},"s":{"1":1},"b":{},"f":{},"l":{"1":1}}}
